<?xml version="1.0" encoding="UTF-8"?>
<!-- Generated by org.testng.reporters.JUnitReportReporter -->
<testsuite hostname="PT-PF3LKH6F" failures="0" tests="5" name="ryanair.com.User" time="2.694" errors="0" timestamp="2025-03-25T23:08:19 WET" skipped="0">
  <testcase classname="ryanair.com.User" name="createUser" time="2.536"/>
  <testcase classname="ryanair.com.User" name="getAllUser" time="0.087"/>
  <testcase classname="ryanair.com.User" name="getUserById" time="0.022"/>
  <testcase classname="ryanair.com.User" name="createBooking" time="0.030"/>
  <testcase classname="ryanair.com.User" name="getBookingById" time="0.019"/>
</testsuite> <!-- ryanair.com.User -->
