<?xml version="1.0" encoding="UTF-8"?>
<!-- Generated by org.testng.reporters.JUnitReportReporter -->
<testsuite hostname="PT-PF3LKH6F" failures="0" tests="5" name="ryanair.com.Testcase" time="1.554" errors="0" timestamp="2025-03-26T10:44:39 WET" skipped="0">
  <testcase classname="ryanair.com.Testcase" name="createUser" time="1.464"/>
  <testcase classname="ryanair.com.Testcase" name="getAllUser" time="0.052"/>
  <testcase classname="ryanair.com.Testcase" name="getUserById" time="0.013"/>
  <testcase classname="ryanair.com.Testcase" name="createBooking" time="0.015"/>
  <testcase classname="ryanair.com.Testcase" name="getBookingById" time="0.010"/>
</testsuite> <!-- ryanair.com.Testcase -->
