<?xml version="1.0" encoding="UTF-8"?>
<!-- Generated by org.testng.reporters.JUnitReportReporter -->
<testsuite hostname="PT-PF3LKH6F" failures="0" tests="5" name="ryanair.com.Testcase" time="1.623" errors="0" timestamp="2025-03-26T14:00:35 WET" skipped="0">
  <testcase classname="ryanair.com.Testcase" name="createUser" time="1.515"/>
  <testcase classname="ryanair.com.Testcase" name="getAllUser" time="0.057"/>
  <testcase classname="ryanair.com.Testcase" name="getUserById" time="0.013"/>
  <testcase classname="ryanair.com.Testcase" name="createBooking" time="0.028"/>
  <testcase classname="ryanair.com.Testcase" name="getBookingById" time="0.010"/>
</testsuite> <!-- ryanair.com.Testcase -->
